#
# There is insufficient memory for the Java Runtime Environment to continue.
# Native memory allocation (malloc) failed to allocate 1115856 bytes for Chunk::new
# Possible reasons:
#   The system is out of physical RAM or swap space
#   The process is running with CompressedOops enabled, and the Java Heap may be blocking the growth of the native heap
# Possible solutions:
#   Reduce memory load on the system
#   Increase physical memory or swap space
#   Check if swap backing store is full
#   Decrease Java heap size (-Xmx/-Xms)
#   Decrease number of Java threads
#   Decrease Java thread stack sizes (-Xss)
#   Set larger code cache with -XX:ReservedCodeCacheSize=
#   JVM is running with Unscaled Compressed Oops mode in which the Java heap is
#     placed in the first 4GB address space. The Java Heap base address is the
#     maximum limit for the native heap growth. Please use -XX:HeapBaseMinAddress
#     to set the Java Heap base and to place the Java Heap above 4GB virtual address.
# This output file may be truncated or incomplete.
#
#  Out of Memory Error (allocation.cpp:389), pid=62252, tid=0x0000000000017970
#
# JRE version: OpenJDK Runtime Environment (8.0_242-b01) (build 1.8.0_242-release-1644-b01)
# Java VM: OpenJDK 64-Bit Server VM (25.242-b01 mixed mode windows-amd64 compressed oops)
# Failed to write core dump. Minidumps are not enabled by default on client versions of Windows
#

---------------  T H R E A D  ---------------

Current thread (0x00000000169eb800):  JavaThread "C2 CompilerThread1" daemon [_thread_in_native, id=96624, stack(0x0000000018160000,0x0000000018260000)]

Stack: [0x0000000018160000,0x0000000018260000]
[error occurred during error reporting (printing stack bounds), id 0xc0000005]

Native frames: (J=compiled Java code, j=interpreted, Vv=VM code, C=native code)


Current CompileTask:
C2:  82764 13597       4       com.android.tools.r8.u.d.A::a (590 bytes)


---------------  P R O C E S S  ---------------

Java Threads: ( => current thread )
  0x000000001e46b000 JavaThread "stdout" [_thread_in_native, id=94868, stack(0x0000000024cf0000,0x0000000024df0000)]
  0x000000001e467000 JavaThread "stderr" [_thread_in_native, id=94140, stack(0x0000000024bf0000,0x0000000024cf0000)]
  0x000000001e46b800 JavaThread "pool-2-thread-1" [_thread_blocked, id=92660, stack(0x0000000024af0000,0x0000000024bf0000)]
  0x000000001e46c800 JavaThread "WorkerExecutor Queue" [_thread_blocked, id=94248, stack(0x00000000248f0000,0x00000000249f0000)]
  0x000000001ab18000 JavaThread "Cache worker for execution history cache (C:\Users\LuciaNunez\Desktop\Boton de panico\AlertaLSM\.gradle\5.6.4\executionHistory)" [_thread_blocked, id=96968, stack(0x00000000242f0000,0x00000000243f0000)]
  0x000000001ab13800 JavaThread "Execution worker for ':' Thread 3" [_thread_in_Java, id=96680, stack(0x00000000241f0000,0x00000000242f0000)]
  0x000000001ab16800 JavaThread "Execution worker for ':' Thread 2" [_thread_in_Java, id=94720, stack(0x00000000240f0000,0x00000000241f0000)]
  0x000000001ab15800 JavaThread "Execution worker for ':'" [_thread_in_Java, id=94292, stack(0x0000000023ff0000,0x00000000240f0000)]
  0x000000001ab0b000 JavaThread "Cache worker for file content cache (C:\Users\LuciaNunez\Desktop\Boton de panico\AlertaLSM\.gradle\5.6.4\fileContent)" [_thread_blocked, id=96380, stack(0x0000000023780000,0x0000000023880000)]
  0x000000001ab12000 JavaThread "Cache worker for file content cache (C:\Users\LuciaNunez\.gradle\caches\5.6.4\fileContent)" [_thread_blocked, id=94316, stack(0x0000000023680000,0x0000000023780000)]
  0x000000001ab11000 JavaThread "Memory manager" [_thread_blocked, id=94360, stack(0x00000000232c0000,0x00000000233c0000)]
  0x000000001ab10800 JavaThread "Cache worker for Build Output Cleanup Cache (C:\Users\LuciaNunez\Desktop\Boton de panico\AlertaLSM\.gradle\buildOutputCleanup)" [_thread_blocked, id=95664, stack(0x00000000229c0000,0x0000000022ac0000)]
  0x000000001ab0c800 JavaThread "Build operations Thread 4" [_thread_blocked, id=96264, stack(0x0000000021230000,0x0000000021330000)]
  0x000000001ab0f800 JavaThread "Build operations Thread 3" [_thread_blocked, id=96888, stack(0x0000000020e60000,0x0000000020f60000)]
  0x000000001ab0e000 JavaThread "Build operations Thread 2" [_thread_blocked, id=87564, stack(0x0000000020d60000,0x0000000020e60000)]
  0x000000001ab09000 JavaThread "Build operations" [_thread_blocked, id=94408, stack(0x0000000020a20000,0x0000000020b20000)]
  0x000000001ab0c000 JavaThread "Cache worker for execution history cache (C:\Users\LuciaNunez\.gradle\caches\5.6.4\executionHistory)" [_thread_blocked, id=95000, stack(0x0000000020920000,0x0000000020a20000)]
  0x000000001a580000 JavaThread "Cache worker for cache directory md-rule (C:\Users\LuciaNunez\.gradle\caches\5.6.4\md-rule)" [_thread_blocked, id=96200, stack(0x0000000020820000,0x0000000020920000)]
  0x000000001a57f000 JavaThread "Cache worker for cache directory md-supplier (C:\Users\LuciaNunez\.gradle\caches\5.6.4\md-supplier)" [_thread_blocked, id=95192, stack(0x000000001f2f0000,0x000000001f3f0000)]
  0x000000001a580800 JavaThread "Cache worker for file hash cache (C:\Users\LuciaNunez\Desktop\Boton de panico\AlertaLSM\.gradle\5.6.4\fileHashes)" [_thread_blocked, id=77272, stack(0x000000001ebd0000,0x000000001ecd0000)]
  0x000000001a582000 JavaThread "Cache worker for journal cache (C:\Users\LuciaNunez\.gradle\caches\journal-1)" [_thread_blocked, id=95672, stack(0x000000001c7b0000,0x000000001c8b0000)]
  0x000000001a581800 JavaThread "File lock request listener" [_thread_in_native, id=94212, stack(0x000000001c6b0000,0x000000001c7b0000)]
  0x000000001a585000 JavaThread "Cache worker for file hash cache (C:\Users\LuciaNunez\.gradle\caches\5.6.4\fileHashes)" [_thread_blocked, id=93636, stack(0x000000001c5b0000,0x000000001c6b0000)]
  0x000000001a3d1800 JavaThread "Thread-9" [_thread_blocked, id=66980, stack(0x000000001c2b0000,0x000000001c3b0000)]
  0x000000001a46e000 JavaThread "Asynchronous log dispatcher for DefaultDaemonConnection: socket connection from /127.0.0.1:54845 to /127.0.0.1:54846" [_thread_blocked, id=80128, stack(0x000000001c0b0000,0x000000001c1b0000)]
  0x000000001a3c0800 JavaThread "Daemon worker" [_thread_in_vm, id=94348, stack(0x000000001bfb0000,0x000000001c0b0000)]
  0x000000001a3c0000 JavaThread "Cancel handler" [_thread_blocked, id=90716, stack(0x000000001beb0000,0x000000001bfb0000)]
  0x000000001a39d000 JavaThread "Handler for socket connection from /127.0.0.1:54845 to /127.0.0.1:54846" [_thread_in_native, id=53956, stack(0x000000001bbb0000,0x000000001bcb0000)]
  0x000000001a39a800 JavaThread "Daemon" [_thread_blocked, id=63592, stack(0x000000001bab0000,0x000000001bbb0000)]
  0x000000001a389800 JavaThread "Daemon periodic checks" [_thread_blocked, id=95676, stack(0x000000001b9b0000,0x000000001bab0000)]
  0x000000001a319000 JavaThread "Incoming local TCP Connector on port 54845" [_thread_in_native, id=90692, stack(0x000000001b740000,0x000000001b840000)]
  0x000000001a259800 JavaThread "Daemon health stats" [_thread_blocked, id=20152, stack(0x000000001b100000,0x000000001b200000)]
  0x0000000016a3c800 JavaThread "Service Thread" daemon [_thread_blocked, id=24968, stack(0x0000000018760000,0x0000000018860000)]
  0x00000000169f2800 JavaThread "C1 CompilerThread2" daemon [_thread_blocked, id=94240, stack(0x0000000018260000,0x0000000018360000)]
=>0x00000000169eb800 JavaThread "C2 CompilerThread1" daemon [_thread_in_native, id=96624, stack(0x0000000018160000,0x0000000018260000)]
  0x00000000169e6800 JavaThread "C2 CompilerThread0" daemon [_thread_in_native, id=96724, stack(0x0000000018060000,0x0000000018160000)]
  0x00000000169e4000 JavaThread "Attach Listener" daemon [_thread_blocked, id=91240, stack(0x0000000017f60000,0x0000000018060000)]
  0x00000000169e3000 JavaThread "Signal Dispatcher" daemon [_thread_blocked, id=96812, stack(0x0000000017e60000,0x0000000017f60000)]
  0x000000000306b800 JavaThread "Finalizer" daemon [_thread_blocked, id=96832, stack(0x0000000017c40000,0x0000000017d40000)]
  0x00000000169c9000 JavaThread "Reference Handler" daemon [_thread_blocked, id=88764, stack(0x0000000017b40000,0x0000000017c40000)]
  0x0000000002f72800 JavaThread "main" [_thread_blocked, id=94948, stack(0x0000000002e70000,0x0000000002f70000)]

Other Threads:
  0x00000000169a7000 VMThread [stack: 0x0000000017a40000,0x0000000017b40000] [id=95320]
  0x0000000016a3d000 WatcherThread [stack: 0x0000000018860000,0x0000000018960000] [id=81728]

VM state:not at safepoint (normal execution)

VM Mutex/Monitor currently owned by a thread: None

heap address: 0x00000000a0000000, size: 1536 MB, Compressed Oops mode: 32-bit
Narrow klass base: 0x0000000000000000, Narrow klass shift: 3
Compressed class space size: 1073741824 Address: 0x0000000100000000

Heap:
 PSYoungGen      total 471552K, used 326805K [0x00000000e0000000, 0x00000000ffd00000, 0x0000000100000000)
  eden space 422400K, 75% used [0x00000000e0000000,0x00000000f35c6cf8,0x00000000f9c80000)
  from space 49152K, 19% used [0x00000000f9c80000,0x00000000fa5de898,0x00000000fcc80000)
  to   space 47616K, 0% used [0x00000000fce80000,0x00000000fce80000,0x00000000ffd00000)
 ParOldGen       total 445952K, used 117599K [0x00000000a0000000, 0x00000000bb380000, 0x00000000e0000000)
  object space 445952K, 26% used [0x00000000a0000000,0x00000000a72d7eb0,0x00000000bb380000)
 Metaspace       used 75179K, capacity 78968K, committed 78976K, reserved 1118208K
  class space    used 10152K, capacity 10872K, committed 10880K, reserved 1048576K

Card table byte_map: [0x0000000012430000,0x0000000012740000] byte_map_base: 0x0000000011f30000

Marking Bits: (ParMarkBitMap*) 0x000000007777f030
 Begin Bits: [0x0000000012d40000, 0x0000000014540000)
 End Bits:   [0x0000000014540000, 0x0000000015d40000)

Polling page: 0x00000000011a0000

CodeCache: size=245760Kb used=43843Kb max_used=43843Kb free=201916Kb
 bounds [0x0000000003070000, 0x0000000005b70000, 0x0000000012070000]
 total_blobs=12665 nmethods=11830 adapters=745
 compilation: enabled

Compilation events (10 events):
Event: 82.464 Thread 0x00000000169f2800 13940       1       com.google.common.cache.LocalCache$2::offer (2 bytes)
Event: 82.464 Thread 0x00000000169f2800 nmethod 13940 0x0000000005af21d0 code [0x0000000005af2320, 0x0000000005af2430]
Event: 82.551 Thread 0x00000000169f2800 13941       1       com.android.tools.r8.u.b.c1::o2 (2 bytes)
Event: 82.551 Thread 0x00000000169f2800 nmethod 13941 0x0000000005b0cd10 code [0x0000000005b0ce60, 0x0000000005b0cf70]
Event: 82.579 Thread 0x00000000169f2800 13942       2       com.android.tools.r8.u.b.C0::c (10 bytes)
Event: 82.580 Thread 0x00000000169f2800 nmethod 13942 0x0000000005b0c910 code [0x0000000005b0ca80, 0x0000000005b0cc48]
Event: 82.589 Thread 0x00000000169f2800 13943       2       javax.management.ObjectName$Property::setKeyIndex (6 bytes)
Event: 82.589 Thread 0x00000000169f2800 nmethod 13943 0x0000000005b0c610 code [0x0000000005b0c760, 0x0000000005b0c8b0]
Event: 82.589 Thread 0x00000000169f2800 13944       1       com.sun.jmx.mbeanserver.NamedObject::getObject (5 bytes)
Event: 82.589 Thread 0x00000000169f2800 nmethod 13944 0x0000000005b0c350 code [0x0000000005b0c4a0, 0x0000000005b0c5b0]

GC Heap History (10 events):
Event: 69.826 GC heap before
{Heap before GC invocations=16 (full 3):
 PSYoungGen      total 473600K, used 448620K [0x00000000e0000000, 0x00000000fff80000, 0x0000000100000000)
  eden space 421888K, 100% used [0x00000000e0000000,0x00000000f9c00000,0x00000000f9c00000)
  from space 51712K, 51% used [0x00000000fcd00000,0x00000000fe71b1b8,0x00000000fff80000)
  to   space 50176K, 0% used [0x00000000f9c00000,0x00000000f9c00000,0x00000000fcd00000)
 ParOldGen       total 445952K, used 79655K [0x00000000a0000000, 0x00000000bb380000, 0x00000000e0000000)
  object space 445952K, 17% used [0x00000000a0000000,0x00000000a4dc9fb8,0x00000000bb380000)
 Metaspace       used 74988K, capacity 78732K, committed 78976K, reserved 1118208K
  class space    used 10149K, capacity 10872K, committed 10880K, reserved 1048576K
Event: 69.864 GC heap after
Heap after GC invocations=16 (full 3):
 PSYoungGen      total 472064K, used 5552K [0x00000000e0000000, 0x0000000100000000, 0x0000000100000000)
  eden space 421888K, 0% used [0x00000000e0000000,0x00000000e0000000,0x00000000f9c00000)
  from space 50176K, 11% used [0x00000000f9c00000,0x00000000fa16c020,0x00000000fcd00000)
  to   space 51200K, 0% used [0x00000000fce00000,0x00000000fce00000,0x0000000100000000)
 ParOldGen       total 445952K, used 99761K [0x00000000a0000000, 0x00000000bb380000, 0x00000000e0000000)
  object space 445952K, 22% used [0x00000000a0000000,0x00000000a616c778,0x00000000bb380000)
 Metaspace       used 74988K, capacity 78732K, committed 78976K, reserved 1118208K
  class space    used 10149K, capacity 10872K, committed 10880K, reserved 1048576K
}
Event: 73.618 GC heap before
{Heap before GC invocations=17 (full 3):
 PSYoungGen      total 472064K, used 427440K [0x00000000e0000000, 0x0000000100000000, 0x0000000100000000)
  eden space 421888K, 100% used [0x00000000e0000000,0x00000000f9c00000,0x00000000f9c00000)
  from space 50176K, 11% used [0x00000000f9c00000,0x00000000fa16c020,0x00000000fcd00000)
  to   space 51200K, 0% used [0x00000000fce00000,0x00000000fce00000,0x0000000100000000)
 ParOldGen       total 445952K, used 99761K [0x00000000a0000000, 0x00000000bb380000, 0x00000000e0000000)
  object space 445952K, 22% used [0x00000000a0000000,0x00000000a616c778,0x00000000bb380000)
 Metaspace       used 75034K, capacity 78808K, committed 78976K, reserved 1118208K
  class space    used 10149K, capacity 10872K, committed 10880K, reserved 1048576K
Event: 73.640 GC heap after
Heap after GC invocations=17 (full 3):
 PSYoungGen      total 473600K, used 8192K [0x00000000e0000000, 0x0000000100000000, 0x0000000100000000)
  eden space 422400K, 0% used [0x00000000e0000000,0x00000000e0000000,0x00000000f9c80000)
  from space 51200K, 16% used [0x00000000fce00000,0x00000000fd600010,0x0000000100000000)
  to   space 50688K, 0% used [0x00000000f9c80000,0x00000000f9c80000,0x00000000fce00000)
 ParOldGen       total 445952K, used 102849K [0x00000000a0000000, 0x00000000bb380000, 0x00000000e0000000)
  object space 445952K, 23% used [0x00000000a0000000,0x00000000a6470798,0x00000000bb380000)
 Metaspace       used 75034K, capacity 78808K, committed 78976K, reserved 1118208K
  class space    used 10149K, capacity 10872K, committed 10880K, reserved 1048576K
}
Event: 76.627 GC heap before
{Heap before GC invocations=18 (full 3):
 PSYoungGen      total 473600K, used 430592K [0x00000000e0000000, 0x0000000100000000, 0x0000000100000000)
  eden space 422400K, 100% used [0x00000000e0000000,0x00000000f9c80000,0x00000000f9c80000)
  from space 51200K, 16% used [0x00000000fce00000,0x00000000fd600010,0x0000000100000000)
  to   space 50688K, 0% used [0x00000000f9c80000,0x00000000f9c80000,0x00000000fce00000)
 ParOldGen       total 445952K, used 102849K [0x00000000a0000000, 0x00000000bb380000, 0x00000000e0000000)
  object space 445952K, 23% used [0x00000000a0000000,0x00000000a6470798,0x00000000bb380000)
 Metaspace       used 75079K, capacity 78888K, committed 78976K, reserved 1118208K
  class space    used 10150K, capacity 10872K, committed 10880K, reserved 1048576K
Event: 76.751 GC heap after
Heap after GC invocations=18 (full 3):
 PSYoungGen      total 437248K, used 14743K [0x00000000e0000000, 0x00000000ffc80000, 0x0000000100000000)
  eden space 422400K, 0% used [0x00000000e0000000,0x00000000e0000000,0x00000000f9c80000)
  from space 14848K, 99% used [0x00000000f9c80000,0x00000000faae5fc0,0x00000000fab00000)
  to   space 49152K, 0% used [0x00000000fcc80000,0x00000000fcc80000,0x00000000ffc80000)
 ParOldGen       total 445952K, used 107572K [0x00000000a0000000, 0x00000000bb380000, 0x00000000e0000000)
  object space 445952K, 24% used [0x00000000a0000000,0x00000000a690d188,0x00000000bb380000)
 Metaspace       used 75079K, capacity 78888K, committed 78976K, reserved 1118208K
  class space    used 10150K, capacity 10872K, committed 10880K, reserved 1048576K
}
Event: 79.516 GC heap before
{Heap before GC invocations=19 (full 3):
 PSYoungGen      total 437248K, used 437143K [0x00000000e0000000, 0x00000000ffc80000, 0x0000000100000000)
  eden space 422400K, 100% used [0x00000000e0000000,0x00000000f9c80000,0x00000000f9c80000)
  from space 14848K, 99% used [0x00000000f9c80000,0x00000000faae5fc0,0x00000000fab00000)
  to   space 49152K, 0% used [0x00000000fcc80000,0x00000000fcc80000,0x00000000ffc80000)
 ParOldGen       total 445952K, used 107572K [0x00000000a0000000, 0x00000000bb380000, 0x00000000e0000000)
  object space 445952K, 24% used [0x00000000a0000000,0x00000000a690d188,0x00000000bb380000)
 Metaspace       used 75136K, capacity 78904K, committed 78976K, reserved 1118208K
  class space    used 10152K, capacity 10872K, committed 10880K, reserved 1048576K
Event: 79.548 GC heap after
Heap after GC invocations=19 (full 3):
 PSYoungGen      total 471552K, used 5004K [0x00000000e0000000, 0x0000000100000000, 0x0000000100000000)
  eden space 422400K, 0% used [0x00000000e0000000,0x00000000e0000000,0x00000000f9c80000)
  from space 49152K, 10% used [0x00000000fcc80000,0x00000000fd1633f0,0x00000000ffc80000)
  to   space 49152K, 0% used [0x00000000f9c80000,0x00000000f9c80000,0x00000000fcc80000)
 ParOldGen       total 445952K, used 116670K [0x00000000a0000000, 0x00000000bb380000, 0x00000000e0000000)
  object space 445952K, 26% used [0x00000000a0000000,0x00000000a71ef850,0x00000000bb380000)
 Metaspace       used 75136K, capacity 78904K, committed 78976K, reserved 1118208K
  class space    used 10152K, capacity 10872K, committed 10880K, reserved 1048576K
}
Event: 81.613 GC heap before
{Heap before GC invocations=20 (full 3):
 PSYoungGen      total 471552K, used 427404K [0x00000000e0000000, 0x0000000100000000, 0x0000000100000000)
  eden space 422400K, 100% used [0x00000000e0000000,0x00000000f9c80000,0x00000000f9c80000)
  from space 49152K, 10% used [0x00000000fcc80000,0x00000000fd1633f0,0x00000000ffc80000)
  to   space 49152K, 0% used [0x00000000f9c80000,0x00000000f9c80000,0x00000000fcc80000)
 ParOldGen       total 445952K, used 116670K [0x00000000a0000000, 0x00000000bb380000, 0x00000000e0000000)
  object space 445952K, 26% used [0x00000000a0000000,0x00000000a71ef850,0x00000000bb380000)
 Metaspace       used 75160K, capacity 78968K, committed 78976K, reserved 1118208K
  class space    used 10152K, capacity 10872K, committed 10880K, reserved 1048576K
Event: 81.638 GC heap after
Heap after GC invocations=20 (full 3):
 PSYoungGen      total 471552K, used 9594K [0x00000000e0000000, 0x00000000ffd00000, 0x0000000100000000)
  eden space 422400K, 0% used [0x00000000e0000000,0x00000000e0000000,0x00000000f9c80000)
  from space 49152K, 19% used [0x00000000f9c80000,0x00000000fa5de898,0x00000000fcc80000)
  to   space 47616K, 0% used [0x00000000fce80000,0x00000000fce80000,0x00000000ffd00000)
 ParOldGen       total 445952K, used 117599K [0x00000000a0000000, 0x00000000bb380000, 0x00000000e0000000)
  object space 445952K, 26% used [0x00000000a0000000,0x00000000a72d7eb0,0x00000000bb380000)
 Metaspace       used 75160K, capacity 78968K, committed 78976K, reserved 1118208K
  class space    used 10152K, capacity 10872K, committed 10880K, reserved 1048576K
}

Deoptimization events (10 events):
Event: 76.791 Thread 0x000000001ab16800 Uncommon trap: reason=predicate action=maybe_recompile pc=0x00000000056338d4 method=com.android.tools.r8.ir.optimize.Z.a(Lcom/android/tools/r8/u/b/T;Lcom/android/tools/r8/ir/regalloc/d;I)V @ 980
Event: 78.261 Thread 0x000000001a3c0800 Uncommon trap: reason=bimorphic action=maybe_recompile pc=0x00000000057d20d4 method=com.android.tools.r8.ir.optimize.Z.a(Lcom/android/tools/r8/u/b/l;Lcom/android/tools/r8/ir/regalloc/d;Ljava/util/Set;Lcom/android/tools/r8/ir/optimize/C;)V @ 375
Event: 78.396 Thread 0x000000001a3c0800 Uncommon trap: reason=unstable_if action=reinterpret pc=0x00000000054830d0 method=com.android.tools.r8.v.a.a.a.f.x0$e.contains(Ljava/lang/Object;)Z @ 124
Event: 78.396 Thread 0x000000001a3c0800 Uncommon trap: reason=unstable_if action=reinterpret pc=0x0000000005312594 method=com.android.tools.r8.v.a.a.a.f.x0$e.contains(Ljava/lang/Object;)Z @ 124
Event: 78.424 Thread 0x000000001a3c0800 Uncommon trap: reason=class_check action=maybe_recompile pc=0x00000000057d404c method=com.android.tools.r8.ir.optimize.Z.a(Lcom/android/tools/r8/u/b/l;Lcom/android/tools/r8/ir/regalloc/d;Ljava/util/Set;Lcom/android/tools/r8/ir/optimize/C;)V @ 227
Event: 78.424 Thread 0x000000001a3c0800 Uncommon trap: reason=class_check action=maybe_recompile pc=0x00000000057d404c method=com.android.tools.r8.ir.optimize.Z.a(Lcom/android/tools/r8/u/b/l;Lcom/android/tools/r8/ir/regalloc/d;Ljava/util/Set;Lcom/android/tools/r8/ir/optimize/C;)V @ 227
Event: 79.312 Thread 0x000000001ab16800 Uncommon trap: reason=unstable_if action=reinterpret pc=0x00000000056e0388 method=com.android.tools.r8.ir.regalloc.LinearScanRegisterAllocator.a(Lcom/android/tools/r8/u/b/T;Lcom/android/tools/r8/s/a/a/b/W;Ljava/util/List;Lcom/android/tools/r8/ir/regalloc/
Event: 79.574 Thread 0x000000001ab15800 Uncommon trap: reason=bimorphic action=maybe_recompile pc=0x0000000004d31660 method=com.android.tools.r8.u.b.i1.a(Lcom/android/tools/r8/ir/analysis/type/k;)Lcom/android/tools/r8/u/b/i1; @ 23
Event: 79.592 Thread 0x000000001ab16800 Uncommon trap: reason=bimorphic action=maybe_recompile pc=0x0000000005135e9c method=com.android.tools.r8.u.b.j1.a(Lcom/android/tools/r8/ir/analysis/type/k;)Lcom/android/tools/r8/u/b/j1; @ 29
Event: 81.708 Thread 0x000000000306b800 Uncommon trap: reason=unstable_if action=reinterpret pc=0x000000000371804c method=java.util.WeakHashMap.expungeStaleEntries()V @ 66

Classes redefined (0 events):
No events

Internal exceptions (10 events):
Event: 81.339 Thread 0x000000001ab16800 Exception <a 'sun/nio/fs/WindowsException'> (0x00000000f44da3a0) thrown at [C:\src\AOSP-openjdk-git\hotspot\src\share\vm\prims\jni.cpp, line 710]
Event: 81.412 Thread 0x000000001ab13800 Exception <a 'sun/nio/fs/WindowsException'> (0x00000000ef81dff8) thrown at [C:\src\AOSP-openjdk-git\hotspot\src\share\vm\prims\jni.cpp, line 710]
Event: 81.691 Thread 0x000000001ab13800 Exception <a 'sun/nio/fs/WindowsException'> (0x00000000e1577e70) thrown at [C:\src\AOSP-openjdk-git\hotspot\src\share\vm\prims\jni.cpp, line 710]
Event: 81.969 Thread 0x000000001ab16800 Exception <a 'sun/nio/fs/WindowsException'> (0x00000000e0e8d900) thrown at [C:\src\AOSP-openjdk-git\hotspot\src\share\vm\prims\jni.cpp, line 710]
Event: 81.979 Thread 0x000000001ab16800 Exception <a 'sun/nio/fs/WindowsException'> (0x00000000e10fe238) thrown at [C:\src\AOSP-openjdk-git\hotspot\src\share\vm\prims\jni.cpp, line 710]
Event: 82.138 Thread 0x000000001ab13800 Exception <a 'sun/nio/fs/WindowsException'> (0x00000000e5966eb8) thrown at [C:\src\AOSP-openjdk-git\hotspot\src\share\vm\prims\jni.cpp, line 710]
Event: 82.207 Thread 0x000000001ab15800 Exception <a 'sun/nio/fs/WindowsException'> (0x00000000e66e9418) thrown at [C:\src\AOSP-openjdk-git\hotspot\src\share\vm\prims\jni.cpp, line 710]
Event: 82.345 Thread 0x000000001ab13800 Exception <a 'sun/nio/fs/WindowsException'> (0x00000000e8283be8) thrown at [C:\src\AOSP-openjdk-git\hotspot\src\share\vm\prims\jni.cpp, line 710]
Event: 82.393 Thread 0x000000001ab16800 Exception <a 'sun/nio/fs/WindowsException'> (0x00000000e7fc7a90) thrown at [C:\src\AOSP-openjdk-git\hotspot\src\share\vm\prims\jni.cpp, line 710]
Event: 82.417 Thread 0x000000001ab16800 Exception <a 'sun/nio/fs/WindowsException'> (0x00000000e9b8d8d8) thrown at [C:\src\AOSP-openjdk-git\hotspot\src\share\vm\prims\jni.cpp, line 710]

Events (10 events):
Event: 82.226 Thread 0x000000001a3c0800 DEOPT PACKING pc=0x00000000059cc536 sp=0x000000001c0a8150
Event: 82.226 Thread 0x000000001a3c0800 DEOPT UNPACKING pc=0x00000000030b75d0 sp=0x000000001c0a8178 mode 0
Event: 82.444 Thread 0x000000001a3c0800 DEOPT PACKING pc=0x00000000059cc54d sp=0x000000001c0a8150
Event: 82.444 Thread 0x000000001a3c0800 DEOPT UNPACKING pc=0x00000000030b75d0 sp=0x000000001c0a8180 mode 0
Event: 82.516 Thread 0x000000001a3c0800 DEOPT PACKING pc=0x00000000059cc54d sp=0x000000001c0a8150
Event: 82.516 Thread 0x000000001a3c0800 DEOPT UNPACKING pc=0x00000000030b75d0 sp=0x000000001c0a8180 mode 0
Event: 82.532 Thread 0x000000001a3c0800 DEOPT PACKING pc=0x00000000059cc54d sp=0x000000001c0a8150
Event: 82.532 Thread 0x000000001a3c0800 DEOPT UNPACKING pc=0x00000000030b75d0 sp=0x000000001c0a8180 mode 0
Event: 82.560 Thread 0x000000001a3c0800 DEOPT PACKING pc=0x00000000059cc54d sp=0x000000001c0a8150
Event: 82.560 Thread 0x000000001a3c0800 DEOPT UNPACKING pc=0x00000000030b75d0 sp=0x000000001c0a8180 mode 0


Dynamic libraries:
0x00007ff74b080000 - 0x00007ff74b0b1000 	C:\Program Files\Android\Android Studio\jre\bin\java.exe
0x00007ffa2f1f0000 - 0x00007ffa2f3e5000 	C:\WINDOWS\SYSTEM32\ntdll.dll
0x00007ffa2eca0000 - 0x00007ffa2ed5e000 	C:\WINDOWS\System32\KERNEL32.DLL
0x00007ffa2cbf0000 - 0x00007ffa2ceb8000 	C:\WINDOWS\System32\KERNELBASE.dll
0x00007ffa2e780000 - 0x00007ffa2e82e000 	C:\WINDOWS\System32\ADVAPI32.dll
0x00007ffa2de80000 - 0x00007ffa2df1e000 	C:\WINDOWS\System32\msvcrt.dll
0x00007ffa2e540000 - 0x00007ffa2e5dc000 	C:\WINDOWS\System32\sechost.dll
0x00007ffa2f080000 - 0x00007ffa2f1a5000 	C:\WINDOWS\System32\RPCRT4.dll
0x00007ffa2e5e0000 - 0x00007ffa2e780000 	C:\WINDOWS\System32\USER32.dll
0x00007ffa2cec0000 - 0x00007ffa2cee2000 	C:\WINDOWS\System32\win32u.dll
0x00007ffa2e910000 - 0x00007ffa2e93b000 	C:\WINDOWS\System32\GDI32.dll
0x00007ffa2d020000 - 0x00007ffa2d12b000 	C:\WINDOWS\System32\gdi32full.dll
0x00007ffa2cb50000 - 0x00007ffa2cbed000 	C:\WINDOWS\System32\msvcp_win.dll
0x00007ffa2cef0000 - 0x00007ffa2cff0000 	C:\WINDOWS\System32\ucrtbase.dll
0x00007ffa25e70000 - 0x00007ffa2610a000 	C:\WINDOWS\WinSxS\amd64_microsoft.windows.common-controls_6595b64144ccf1df_6.0.19041.1110_none_60b5254171f9507e\COMCTL32.dll
0x00007ffa2e960000 - 0x00007ffa2e990000 	C:\WINDOWS\System32\IMM32.DLL
0x0000000076560000 - 0x0000000076632000 	C:\Program Files\Android\Android Studio\jre\jre\bin\msvcr100.dll
0x0000000076fb0000 - 0x00000000777fb000 	C:\Program Files\Android\Android Studio\jre\jre\bin\server\jvm.dll
0x00007ffa2ebc0000 - 0x00007ffa2ebc8000 	C:\WINDOWS\System32\PSAPI.DLL
0x00007ffa21010000 - 0x00007ffa21019000 	C:\WINDOWS\SYSTEM32\WSOCK32.dll
0x00007ffa26670000 - 0x00007ffa26697000 	C:\WINDOWS\SYSTEM32\WINMM.dll
0x00007ffa2eab0000 - 0x00007ffa2eb1b000 	C:\WINDOWS\System32\WS2_32.dll
0x00007ffa2b700000 - 0x00007ffa2b70a000 	C:\WINDOWS\SYSTEM32\VERSION.dll
0x00007ffa27020000 - 0x00007ffa2702f000 	C:\Program Files\Android\Android Studio\jre\jre\bin\verify.dll
0x00007ff9f1260000 - 0x00007ff9f1289000 	C:\Program Files\Android\Android Studio\jre\jre\bin\java.dll
0x00007ff9eeee0000 - 0x00007ff9eeef6000 	C:\Program Files\Android\Android Studio\jre\jre\bin\zip.dll
0x00007ffa2d5c0000 - 0x00007ffa2dd04000 	C:\WINDOWS\System32\SHELL32.dll
0x00007ffa2a930000 - 0x00007ffa2b0c4000 	C:\WINDOWS\SYSTEM32\windows.storage.dll
0x00007ffa2d250000 - 0x00007ffa2d5a4000 	C:\WINDOWS\System32\combase.dll
0x00007ffa2c2a0000 - 0x00007ffa2c2cc000 	C:\WINDOWS\SYSTEM32\Wldp.dll
0x00007ffa2dd70000 - 0x00007ffa2de1d000 	C:\WINDOWS\System32\SHCORE.dll
0x00007ffa2ef70000 - 0x00007ffa2efc5000 	C:\WINDOWS\System32\shlwapi.dll
0x00007ffa2c850000 - 0x00007ffa2c86f000 	C:\WINDOWS\SYSTEM32\profapi.dll
0x00007ff9eaa80000 - 0x00007ff9eaa9a000 	C:\Program Files\Android\Android Studio\jre\jre\bin\net.dll
0x00007ffa2c000000 - 0x00007ffa2c06a000 	C:\WINDOWS\system32\mswsock.dll
0x00007ff9e4fc0000 - 0x00007ff9e4fd3000 	C:\Program Files\Android\Android Studio\jre\jre\bin\nio.dll
0x00007ffa0c990000 - 0x00007ffa0c9b6000 	C:\Users\LuciaNunez\.gradle\native\30\windows-amd64\native-platform.dll
0x00007ffa0c900000 - 0x00007ffa0c90d000 	C:\Program Files\Android\Android Studio\jre\jre\bin\management.dll
0x00007ffa2c1f0000 - 0x00007ffa2c208000 	C:\WINDOWS\SYSTEM32\CRYPTSP.dll
0x00007ffa2b980000 - 0x00007ffa2b9b4000 	C:\WINDOWS\system32\rsaenh.dll
0x00007ffa2cff0000 - 0x00007ffa2d017000 	C:\WINDOWS\System32\bcrypt.dll
0x00007ffa2c810000 - 0x00007ffa2c83e000 	C:\WINDOWS\SYSTEM32\USERENV.dll
0x00007ffa2cac0000 - 0x00007ffa2cb42000 	C:\WINDOWS\System32\bcryptprimitives.dll
0x00007ffa2c210000 - 0x00007ffa2c21c000 	C:\WINDOWS\SYSTEM32\CRYPTBASE.dll
0x00007ffa2bcf0000 - 0x00007ffa2bd2b000 	C:\WINDOWS\SYSTEM32\IPHLPAPI.DLL
0x00007ffa2eb20000 - 0x00007ffa2eb28000 	C:\WINDOWS\System32\NSI.dll
0x00007ffa27680000 - 0x00007ffa27697000 	C:\WINDOWS\SYSTEM32\dhcpcsvc6.DLL
0x00007ffa27660000 - 0x00007ffa2767d000 	C:\WINDOWS\SYSTEM32\dhcpcsvc.DLL
0x00007ffa2bd30000 - 0x00007ffa2bdfa000 	C:\WINDOWS\SYSTEM32\DNSAPI.dll

VM Arguments:
jvm_args: -Xmx1536m -Dfile.encoding=windows-1252 -Duser.country=MX -Duser.language=es -Duser.variant 
java_command: org.gradle.launcher.daemon.bootstrap.GradleDaemon 5.6.4
java_class_path (initial): C:\Users\LuciaNunez\.gradle\wrapper\dists\gradle-5.6.4-all\ankdp27end7byghfw1q2sw75f\gradle-5.6.4\lib\gradle-launcher-5.6.4.jar
Launcher Type: SUN_STANDARD

Environment Variables:
JAVA_HOME=C:\Program Files\Java\jdk-14.0.2
PATH=c:\Program Files (x86)\Intel\iCLS Client\;c:\Program Files\Intel\iCLS Client\;C:\WINDOWS\system32;C:\WINDOWS;C:\WINDOWS\System32\Wbem;C:\WINDOWS\System32\WindowsPowerShell\v1.0\;C:\Program Files\Intel\Intel(R) Management Engine Components\DAL;C:\Program Files\Intel\Intel(R) Management Engine Components\IPT;C:\Program Files (x86)\Intel\Intel(R) Management Engine Components\DAL;C:\Program Files (x86)\Intel\Intel(R) Management Engine Components\IPT;C:\Program Files\nodejs\;C:\WINDOWS\System32\OpenSSH\;C:\Program Files\Git\cmd;C:\Program Files\Git\bin\;C:\Program Files\Microsoft SQL Server\Client SDK\ODBC\170\Tools\Binn\;C:\Program Files (x86)\Microsoft SQL Server\150\Tools\Binn\;C:\Program Files\Microsoft SQL Server\150\Tools\Binn\;C:\Program Files\Microsoft SQL Server\150\DTS\Binn\;C:\Program Files (x86)\Microsoft SQL Server\150\DTS\Binn\;C:\Program Files (x86)\QuickTime\QTSystem\;C:\Program Files\Java\jdk-14.0.2\bin;C:\Program Files (x86)\Cracklock\Bin;C:\Program Files\MySQL\MySQL Shell 8.0\bin\;C:\Users\LuciaNunez\AppData\Roaming\npm;C:\Users\LuciaNunez\AppData\Local\Microsoft\WindowsApps;C:\Program Files\heroku\bin;C:\Program Files\Java\jdk-14.0.2;C:\Users\LuciaNunez\Documents\flutter\bin;C:\Users\LuciaNunez\AppData\Local\Programs\Microsoft VS Code\bin
USERNAME=LuciaNunez
OS=Windows_NT
PROCESSOR_IDENTIFIER=Intel64 Family 6 Model 60 Stepping 3, GenuineIntel



---------------  S Y S T E M  ---------------

OS: Windows 10.0 , 64 bit Build 19041 (10.0.19041.1566)

CPU:total 4 (initial active 4) (4 cores per cpu, 1 threads per core) family 6 model 60 stepping 3, cmov, cx8, fxsr, mmx, sse, sse2, sse3, ssse3, sse4.1, sse4.2, popcnt, avx, avx2, aes, clmul, erms, lzcnt, tsc, tscinvbit, bmi1, bmi2

Memory: 4k page, physical 29247828k(5947684k free), swap 117328212k(1012k free)

vm_info: OpenJDK 64-Bit Server VM (25.242-b01) for windows-amd64 JRE (1.8.0_242-release-1644-b01), built by "builder" with MS VC++ 10.0 (VS2010)

time: Tue Apr 26 08:55:27 2022
timezone: Hora de verano central (México)
elapsed time: 82 seconds (0d 0h 1m 22s)

